make all --print-data-base --no-builtin-variables --no-builtin-rules --question
# GNU Make 3.81
# Copyright (C) 2006  Free Software Foundation, Inc.
# This is free software; see the source for copying conditions.
# There is NO warranty; not even for MERCHANTABILITY or FITNESS FOR A
# PARTICULAR PURPOSE.

# This program built for i386-apple-darwin11.3.0
 

# Make data base, printed on Thu Aug 25 23:20:07 2022

# Variables

# automatic
<D = $(patsubst %/,%,$(dir $<))
 
# makefile (from `Makefile', line 18)
RL_INCLUDE = $(addprefix $(shell brew --prefix readline), /include)
# automatic
?F = $(notdir $?)
# environment
ELECTRON_NO_ATTACH_CONSOLE = 1
# makefile (from `Makefile', line 25)
OBJ = $(SRCS:%.c=%.o)
# environment
LC_CTYPE = UTF-8
# environment
NVM_INC = /Users/ajaidi/.nvm/versions/node/v18.7.0/include/node
# automatic
?D = $(patsubst %/,%,$(dir $?))
# automatic
@D = $(patsubst %/,%,$(dir $@))
# automatic
@F = $(notdir $@)
# makefile
CURDIR := /Users/ajaidi/Documents/minishell
# makefile
SHELL = /bin/sh
# environment
VSCODE_NLS_CONFIG = {"locale":"en-us","availableLanguages":{},"_languagePackSupport":true}
# environment
_ = /usr/bin/make
# environment
WALLABY_PRODUCTION = true
# makefile (from `Makefile', line 1)
MAKEFILE_LIST :=  Makefile
# environment
__CFBundleIdentifier = com.microsoft.VSCode
# environment
INFOPATH = /opt/homebrew/share/info:
# environment
P9K_SSH = 0
# environment
VSCODE_CWD = /Users/ajaidi/Documents/minishell
# environment
PATH = /Users/ajaidi/.nvm/versions/node/v18.7.0/bin:/opt/homebrew/bin:/opt/homebrew/sbin:/usr/local/bin:/usr/bin:/bin:/usr/sbin:/sbin
# environment
LSCOLORS = Gxfxcxdxbxegedabagacad
# environment
NVM_BIN = /Users/ajaidi/.nvm/versions/node/v18.7.0/bin
# environment
ELECTRON_RUN_AS_NODE = 1
# makefile (from `Makefile', line 20)
RL_LIB = $(addprefix $(shell brew --prefix readline), /lib)
# default
.FEATURES := target-specific order-only second-expansion else-if archives jobserver check-symlink
# environment
SSH_AUTH_SOCK = /private/tmp/com.apple.launchd.eDxgvKn702/Listeners
# automatic
%F = $(notdir $%)
# environment
PWD = /Users/ajaidi/Documents/minishell
# environment
HOMEBREW_CELLAR = /opt/homebrew/Cellar
# environment
ORIGINAL_XDG_CURRENT_DESKTOP = undefined
# environment
MANPATH = /Users/ajaidi/.nvm/versions/node/v18.7.0/share/man:/opt/homebrew/share/man::
# environment
VSCODE_AMD_ENTRYPOINT = vs/workbench/api/node/extensionHostProcess
# environment
HOME = /Users/ajaidi
# default
MAKEFILEPATH = $(shell /usr/bin/xcode-select -print-path 2>/dev/null || echo /Developer)/Makefiles
# environment
VSCODE_CLI = 1
# environment
VSCODE_CODE_CACHE_PATH = /Users/ajaidi/Library/Application Support/Code/CachedData/e4503b30fc78200f846c62cf8091b76ff5547662
# environment
LOGNAME = ajaidi
# environment
APPLICATION_INSIGHTS_NO_DIAGNOSTIC_CHANNEL = 1
# environment
NVM_CD_FLAGS = -q
# environment
ZSH = /Users/ajaidi/.oh-my-zsh
# environment
VSCODE_HANDLES_UNCAUGHT_ERRORS = true
# automatic
^D = $(patsubst %/,%,$(dir $^))
# environment
XPC_FLAGS = 0x0
# environment
COLORTERM = truecolor
# default
MAKE = $(MAKE_COMMAND)
# environment
LC_TERMINAL = iTerm2
# makefile (from `Makefile', line 23)
SRCS = minishell.c collector_linkedlist.c ast/ast_command.c ast/ast_conecters.c ast/ast.c ast/redir.c 	ast/display.c ast/ast_linkedlist.c ast/ast_structures_geters.c parser/token_conecters.c parser/token.c parser/token_string.c parser/token_quotes.c parser/parser_linkedlist.c parser/delete_quotes.c parser/token_utils.c syntax/syntax.c syntax/syntax_utils.c env/env.c env/env_geters.c history.c libft/ft_atoi.c libft/ft_itoa.c libft/ft_strlen.c 	libft/ft_strjoin.c libft/ft_split.c libft/ft_putstr_fd.c libft/ft_strcmp.c libft/ft_strncmp.c libft/ft_strdup.c builtins/echo.c builtins/cd.c builtins/env.c builtins/exit.c builtins/pwd.c builtins/export.c builtins/unset.c ex/ex.c ex/excommand.c ex/expander.c ex/transfer.c ex/signal.c
# environment
SHLVL = 3
# makefile (from `Makefile', line 15)
CC = gcc
# default
MAKE_VERSION := 3.81
# environment
USER = ajaidi
# makefile
.DEFAULT_GOAL := all
# default
MAKECMDGOALS := all
# environment
TERM_SESSION_ID = w1t0p0:C5078AAA-5EA9-448B-9ED7-F1A59D05AF3C
# makefile (from `Makefile', line 13)
NAME = minishell
# environment
LESS = -R
# automatic
%D = $(patsubst %/,%,$(dir $%))
# default
MAKE_COMMAND := /Library/Developer/CommandLineTools/usr/bin/make
# environment
TERM_PROGRAM = iTerm.app
# default
.VARIABLES := 
# environment
TMPDIR = /var/folders/0b/78tf3d492d5dbwng84c1z4d40000gn/T/
# automatic
*F = $(notdir $*)
# environment
VSCODE_IPC_HOOK = /Users/ajaidi/Library/Application Support/Code/1.70.2-main.sock
# environment
MallocNanoZone = 0
# makefile
MAKEFLAGS = Rrqp
# environment
MFLAGS = -Rrqp
# automatic
*D = $(patsubst %/,%,$(dir $*))
# environment
TERM_PROGRAM_VERSION = 3.4.16
# environment
NVM_DIR = /Users/ajaidi/.nvm
# environment
XPC_SERVICE_NAME = application.com.microsoft.VSCode.4999843.4999849.D971B7B5-0711-4887-ACE5-793B35A4330E
# environment
LC_TERMINAL_VERSION = 3.4.16
# environment
HOMEBREW_PREFIX = /opt/homebrew
# automatic
+D = $(patsubst %/,%,$(dir $+))
# automatic
+F = $(notdir $+)
# environment
ITERM_SESSION_ID = w1t0p0:C5078AAA-5EA9-448B-9ED7-F1A59D05AF3C
# environment
HOMEBREW_REPOSITORY = /opt/homebrew
# environment
COLORFGBG = 7;0
# environment
__CF_USER_TEXT_ENCODING = 0x1F5:0x0:0x0
# environment
COMMAND_MODE = unix2003
# default
MAKEFILES := 
# automatic
<F = $(notdir $<)
# environment
ITERM_PROFILE = Default
# makefile (from `Makefile', line 21)
 
LIB = minishell.h
# environment
PAGER = less
# environment
LC_ALL = C
# environment
P9K_TTY = old
# automatic
^F = $(notdir $^)
# default
SUFFIXES := 
# makefile (from `Makefile', line 16)
FLAGS = -Wall -Wextra -Werror
# environment
MAKELEVEL := 0
# environment
LANG = C
# environment
TERM = xterm-256color
# environment
_P9K_TTY = /dev/ttys003
# environment
VSCODE_PID = 31812
# variable set hash-table stats:
# Load=95/1024=9%, Rehash=0, Collisions=7/122=6%

# Pattern-specific Variable Values

# No pattern-specific variable values.

# Directories

# . (device 16777230, inode 5636088): 21 files, no impossibilities.
# syntax (device 16777230, inode 5636209): 6 files, no impossibilities so far.
# parser (device 16777230, inode 5636201): 15 files, no impossibilities so far.
# ex (device 16777230, inode 5636182): 12 files, no impossibilities so far.
# ast (device 16777230, inode 5636162): 15 files, no impossibilities so far.
# builtins (device 16777230, inode 5636170): 16 files, no impossibilities so far.
# env (device 16777230, inode 5636179): 5 files, no impossibilities so far.
# libft (device 16777230, inode 5636189): 20 files, no impossibilities so far.

# 110 files, no impossibilities in 8 directories.

# Implicit Rules

%.o: %.c minishell.h
#  commands to execute (from `Makefile', line 32):
	$(CC) $(FLAGS) -c $< -o $@ -I $(RL_INCLUDE) -I.
	

# 1 implicit rules, 0 (0.0%) terminal.

# Files

# Not a target:
parser/token.c:
#  Implicit rule search has been done.
#  Last modified 2022-08-25 23:18:32
#  File has been updated.
#  Successfully updated.
# variable set hash-table stats:
# Load=0/32=0%, Rehash=0, Collisions=0/0=0%

# Not a target:
parser/token_utils.c:
#  Implicit rule search has been done.
#  Last modified 2022-08-25 23:18:32
#  File has been updated.
#  Successfully updated.
# variable set hash-table stats:
# Load=0/32=0%, Rehash=0, Collisions=0/0=0%

# Not a target:
builtins/env.c:
#  Implicit rule search has been done.
#  Last modified 2022-08-25 23:18:32
#  File has been updated.
#  Successfully updated.
# variable set hash-table stats:
# Load=0/32=0%, Rehash=0, Collisions=0/0=0%

ast/display.o: ast/display.c minishell.h
#  Implicit rule search has been done.
#  Implicit/static pattern stem: `ast/display'
#  Last modified 2022-08-25 23:18:37
#  File has been updated.
#  Successfully updated.
# variable set hash-table stats:
# Load=0/32=0%, Rehash=0, Collisions=0/0=0%
#  commands to execute (from `Makefile', line 32):
	$(CC) $(FLAGS) -c $< -o $@ -I $(RL_INCLUDE) -I.
	

# Not a target:
builtins/unset.c:
#  Implicit rule search has been done.
#  Last modified 2022-08-25 23:18:32
#  File has been updated.
#  Successfully updated.
# variable set hash-table stats:
# Load=0/32=0%, Rehash=0, Collisions=0/0=0%

# Not a target:
libft/ft_strncmp.c:
#  Implicit rule search has been done.
#  Last modified 2022-08-25 23:18:32
#  File has been updated.
#  Successfully updated.
# variable set hash-table stats:
# Load=0/32=0%, Rehash=0, Collisions=0/0=0%

ex/ex.o: ex/ex.c minishell.h
#  Implicit rule search has been done.
#  Implicit/static pattern stem: `ex/ex'
#  Last modified 2022-08-25 23:18:38
#  File has been updated.
#  Successfully updated.
# variable set hash-table stats:
# Load=0/32=0%, Rehash=0, Collisions=0/0=0%
#  commands to execute (from `Makefile', line 32):
	$(CC) $(FLAGS) -c $< -o $@ -I $(RL_INCLUDE) -I.
	

# Not a target:
ast/ast_conecters.c:
#  Implicit rule search has been done.
#  Last modified 2022-08-25 23:18:32
#  File has been updated.
#  Successfully updated.
# variable set hash-table stats:
# Load=0/32=0%, Rehash=0, Collisions=0/0=0%

parser/token_conecters.o: parser/token_conecters.c minishell.h
#  Implicit rule search has been done.
#  Implicit/static pattern stem: `parser/token_conecters'
#  Last modified 2022-08-25 23:18:37
#  File has been updated.
#  Successfully updated.
# variable set hash-table stats:
# Load=0/32=0%, Rehash=0, Collisions=0/0=0%
#  commands to execute (from `Makefile', line 32):
	$(CC) $(FLAGS) -c $< -o $@ -I $(RL_INCLUDE) -I.
	

all: minishell
#  Command-line target.
#  Implicit rule search has been done.
#  File does not exist.
#  File has been updated.
#  Successfully updated.
# variable set hash-table stats:
# Load=0/32=0%, Rehash=0, Collisions=0/0=0%

builtins/pwd.o: builtins/pwd.c minishell.h
#  Implicit rule search has been done.
#  Implicit/static pattern stem: `builtins/pwd'
#  Last modified 2022-08-25 23:18:38
#  File has been updated.
#  Successfully updated.
# variable set hash-table stats:
# Load=0/32=0%, Rehash=0, Collisions=0/0=0%
#  commands to execute (from `Makefile', line 32):
	$(CC) $(FLAGS) -c $< -o $@ -I $(RL_INCLUDE) -I.
	
 

libft/ft_itoa.o: libft/ft_itoa.c minishell.h
#  Implicit rule search has been done.
#  Implicit/static pattern stem: `libft/ft_itoa'
#  Last modified 2022-08-25 23:18:37
#  File has been updated.
#  Successfully updated.
# variable set hash-table stats:
# Load=0/32=0%, Rehash=0, Collisions=0/0=0%
#  commands to execute (from `Makefile', line 32):
	$(CC) $(FLAGS) -c $< -o $@ -I $(RL_INCLUDE) -I.
	

# Not a target:
libft/ft_strdup.c:
#  Implicit rule search has been done.
#  Last modified 2022-08-25 23:18:32
#  File has been updated.
#  Successfully updated.
# variable set hash-table stats:
# Load=0/32=0%, Rehash=0, Collisions=0/0=0%

builtins/cd.o: builtins/cd.c minishell.h
#  Implicit rule search has been done.
#  Implicit/static pattern stem: `builtins/cd'
#  Last modified 2022-08-25 23:18:38
#  File has been updated.
#  Successfully updated.
# variable set hash-table stats:
# Load=0/32=0%, Rehash=0, Collisions=0/0=0%
#  commands to execute (from `Makefile', line 32):
	$(CC) $(FLAGS) -c $< -o $@ -I $(RL_INCLUDE) -I.
	

libft/ft_strlen.o: libft/ft_strlen.c minishell.h
#  Implicit rule search has been done.
#  Implicit/static pattern stem: `libft/ft_strlen'
#  Last modified 2022-08-25 23:18:37
#  File has been updated.
#  Successfully updated.
# variable set hash-table stats:
# Load=0/32=0%, Rehash=0, Collisions=0/0=0%
#  commands to execute (from `Makefile', line 32):
	$(CC) $(FLAGS) -c $< -o $@ -I $(RL_INCLUDE) -I.
	

# Not a target:
collector_linkedlist.c:
#  Implicit rule search has been done.
#  Last modified 2022-08-25 23:18:32
#  File has been updated.
#  Successfully updated.
# variable set hash-table stats:
# Load=0/32=0%, Rehash=0, Collisions=0/0=0%

history.o: history.c minishell.h
#  Implicit rule search has been done.
#  Implicit/static pattern stem: `history'
#  Last modified 2022-08-25 23:18:37
#  File has been updated.
#  Successfully updated.
# variable set hash-table stats:
# Load=0/32=0%, Rehash=0, Collisions=0/0=0%
#  commands to execute (from `Makefile', line 32):
	$(CC) $(FLAGS) -c $< -o $@ -I $(RL_INCLUDE) -I.
	

# Not a target:
ast/ast_linkedlist.c:
#  Implicit rule search has been done.
#  Last modified 2022-08-25 23:18:32
#  File has been updated.
#  Successfully updated.
# variable set hash-table stats:
# Load=0/32=0%, Rehash=0, Collisions=0/0=0%

# Not a target:
syntax/syntax.c:
#  Implicit rule search has been done.
#  Last modified 2022-08-25 23:18:32
#  File has been updated.
#  Successfully updated.
# variable set hash-table stats:
# Load=0/32=0%, Rehash=0, Collisions=0/0=0%

# Not a target:
libft/ft_putstr_fd.c:
#  Implicit rule search has been done.
#  Last modified 2022-08-25 23:18:32
#  File has been updated.
#  Successfully updated.
# variable set hash-table stats:
# Load=0/32=0%, Rehash=0, Collisions=0/0=0%

builtins/echo.o: builtins/echo.c minishell.h
#  Implicit rule search has been done.
#  Implicit/static pattern stem: `builtins/echo'
#  Last modified 2022-08-25 23:18:37
#  File has been updated.
#  Successfully updated.
# variable set hash-table stats:
# Load=0/32=0%, Rehash=0, Collisions=0/0=0%
#  commands to execute (from `Makefile', line 32):
	$(CC) $(FLAGS) -c $< -o $@ -I $(RL_INCLUDE) -I.
	

# Not a target:
parser/delete_quotes.c:
#  Implicit rule search has been done.
#  Last modified 2022-08-25 23:18:32
#  File has been updated.
#  Successfully updated.
# variable set hash-table stats:
# Load=0/32=0%, Rehash=0, Collisions=0/0=0%

# Not a target:
env/env_geters.c:
#  Implicit rule search has been done.
#  Last modified 2022-08-25 23:18:32
#  File has been updated.
#  Successfully updated.
# variable set hash-table stats:
# Load=0/32=0%, Rehash=0, Collisions=0/0=0%

# Not a target:
.SUFFIXES:
#  Implicit rule search has not been done.
#  Modification time never checked.
#  File has not been updated.

libft/ft_split.o: libft/ft_split.c minishell.h
#  Implicit rule search has been done.
#  Implicit/static pattern stem: `libft/ft_split'
#  Last modified 2022-08-25 23:18:37
#  File has been updated.
#  Successfully updated.
# variable set hash-table stats:
# Load=0/32=0%, Rehash=0, Collisions=0/0=0%
#  commands to execute (from `Makefile', line 32):
	$(CC) $(FLAGS) -c $< -o $@ -I $(RL_INCLUDE) -I.
	

builtins/export.o: builtins/export.c minishell.h
#  Implicit rule search has been done.
#  Implicit/static pattern stem: `builtins/export'
#  Last modified 2022-08-25 23:18:38
#  File has been updated.
#  Successfully updated.
# variable set hash-table stats:
# Load=0/32=0%, Rehash=0, Collisions=0/0=0%
#  commands to execute (from `Makefile', line 32):
	$(CC) $(FLAGS) -c $< -o $@ -I $(RL_INCLUDE) -I.
	

# Not a target:
Makefile:
#  Implicit rule search has been done.
 
#  Last modified 2022-08-25 23:18:32
#  File has been updated.
#  Successfully updated.
# variable set hash-table stats:
# Load=0/32=0%, Rehash=0, Collisions=0/0=0%

# Not a target:
ex/excommand.c:
#  Implicit rule search has been done.
#  Last modified 2022-08-25 23:18:32
#  File has been updated.
#  Successfully updated.
# variable set hash-table stats:
# Load=0/32=0%, Rehash=0, Collisions=0/0=0%

parser/token_utils.o: parser/token_utils.c minishell.h
#  Implicit rule search has been done.
#  Implicit/static pattern stem: `parser/token_utils'
#  Last modified 2022-08-25 23:18:37
#  File has been updated.
#  Successfully updated.
# variable set hash-table stats:
# Load=0/32=0%, Rehash=0, Collisions=0/0=0%
#  commands to execute (from `Makefile', line 32):
	$(CC) $(FLAGS) -c $< -o $@ -I $(RL_INCLUDE) -I.
	

ast/ast.o: ast/ast.c minishell.h
#  Implicit rule search has been done.
#  Implicit/static pattern stem: `ast/ast'
#  Last modified 2022-08-25 23:18:36
#  File has been updated.
#  Successfully updated.
# variable set hash-table stats:
# Load=0/32=0%, Rehash=0, Collisions=0/0=0%
#  commands to execute (from `Makefile', line 32):
	$(CC) $(FLAGS) -c $< -o $@ -I $(RL_INCLUDE) -I.
	

# Not a target:
libft/ft_atoi.c:
#  Implicit rule search has been done.
#  Last modified 2022-08-25 23:18:32
#  File has been updated.
#  Successfully updated.
# variable set hash-table stats:
# Load=0/32=0%, Rehash=0, Collisions=0/0=0%

env/env.o: env/env.c minishell.h
#  Implicit rule search has been done.
#  Implicit/static pattern stem: `env/env'
#  Last modified 2022-08-25 23:18:37
#  File has been updated.
#  Successfully updated.
# variable set hash-table stats:
# Load=0/32=0%, Rehash=0, Collisions=0/0=0%
#  commands to execute (from `Makefile', line 32):
	$(CC) $(FLAGS) -c $< -o $@ -I $(RL_INCLUDE) -I.
	

# Not a target:
ast/ast_command.c:
#  Implicit rule search has been done.
#  Last modified 2022-08-25 23:18:32
#  File has been updated.
#  Successfully updated.
# variable set hash-table stats:
# Load=0/32=0%, Rehash=0, Collisions=0/0=0%

libft/ft_strjoin.o: libft/ft_strjoin.c minishell.h
#  Implicit rule search has been done.
#  Implicit/static pattern stem: `libft/ft_strjoin'
#  Last modified 2022-08-25 23:18:37
#  File has been updated.
#  Successfully updated.
# variable set hash-table stats:
# Load=0/32=0%, Rehash=0, Collisions=0/0=0%
#  commands to execute (from `Makefile', line 32):
	$(CC) $(FLAGS) -c $< -o $@ -I $(RL_INCLUDE) -I.
	

ast/ast_structures_geters.o: ast/ast_structures_geters.c minishell.h
#  Implicit rule search has been done.
#  Implicit/static pattern stem: `ast/ast_structures_geters'
#  Last modified 2022-08-25 23:18:37
#  File has been updated.
#  Successfully updated.
# variable set hash-table stats:
# Load=0/32=0%, Rehash=0, Collisions=0/0=0%
#  commands to execute (from `Makefile', line 32):
	$(CC) $(FLAGS) -c $< -o $@ -I $(RL_INCLUDE) -I.
	

# Not a target:
ast/display.c:
#  Implicit rule search has been done.
#  Last modified 2022-08-25 23:18:32
#  File has been updated.
#  Successfully updated.
# variable set hash-table stats:
# Load=0/32=0%, Rehash=0, Collisions=0/0=0%

ast/redir.o: ast/redir.c minishell.h
#  Implicit rule search has been done.
#  Implicit/static pattern stem: `ast/redir'
#  Last modified 2022-08-25 23:18:36
#  File has been updated.
#  Successfully updated.
# variable set hash-table stats:
# Load=0/32=0%, Rehash=0, Collisions=0/0=0%
#  commands to execute (from `Makefile', line 32):
	$(CC) $(FLAGS) -c $< -o $@ -I $(RL_INCLUDE) -I.
	

parser/token_string.o: parser/token_string.c minishell.h
#  Implicit rule search has been done.
#  Implicit/static pattern stem: `parser/token_string'
#  Last modified 2022-08-25 23:18:37
#  File has been updated.
#  Successfully updated.
# variable set hash-table stats:
# Load=0/32=0%, Rehash=0, Collisions=0/0=0%
#  commands to execute (from `Makefile', line 32):
	$(CC) $(FLAGS) -c $< -o $@ -I $(RL_INCLUDE) -I.
	

# Not a target:
ex/ex.c:
#  Implicit rule search has been done.
#  Last modified 2022-08-25 23:18:32
#  File has been updated.
#  Successfully updated.
# variable set hash-table stats:
# Load=0/32=0%, Rehash=0, Collisions=0/0=0%

minishell: minishell.o collector_linkedlist.o ast/ast_command.o ast/ast_conecters.o ast/ast.o ast/redir.o ast/display.o ast/ast_linkedlist.o ast/ast_structures_geters.o parser/token_conecters.o parser/token.o parser/token_string.o parser/token_quotes.o parser/parser_linkedlist.o parser/delete_quotes.o parser/token_utils.o syntax/syntax.o syntax/syntax_utils.o env/env.o env/env_geters.o history.o libft/ft_atoi.o libft/ft_itoa.o libft/ft_strlen.o libft/ft_strjoin.o libft/ft_split.o libft/ft_putstr_fd.o libft/ft_strcmp.o libft/ft_strncmp.o libft/ft_strdup.o builtins/echo.o builtins/cd.o builtins/env.o builtins/exit.o builtins/pwd.o builtins/export.o builtins/unset.o ex/ex.o ex/excommand.o ex/expander.o ex/transfer.o ex/signal.o
#  Implicit rule search has not been done.
#  Last modified 2022-08-25 23:18:38
#  File has been updated.
#  Successfully updated.
# variable set hash-table stats:
# Load=0/32=0%, Rehash=0, Collisions=0/0=0%
#  commands to execute (from `Makefile', line 29):
	$(CC) $(FLAGS) $(OBJ) -L $(RL_LIB) -lreadline -o $(NAME)
	

minishell.o: minishell.c minishell.h
#  Implicit rule search has been done.
#  Implicit/static pattern stem: `minishell'
#  Last modified 2022-08-25 23:18:36
#  File has been updated.
#  Successfully updated.
# variable set hash-table stats:
# Load=0/32=0%, Rehash=0, Collisions=0/0=0%
 
#  commands to execute (from `Makefile', line 32):
	$(CC) $(FLAGS) -c $< -o $@ -I $(RL_INCLUDE) -I.
	

# Not a target:
parser/token_conecters.c:
#  Implicit rule search has been done.
#  Last modified 2022-08-25 23:18:32
#  File has been updated.
#  Successfully updated.
# variable set hash-table stats:
# Load=0/32=0%, Rehash=0, Collisions=0/0=0%

# Not a target:
builtins/pwd.c:
#  Implicit rule search has been done.
#  Last modified 2022-08-25 23:18:32
#  File has been updated.
#  Successfully updated.
# variable set hash-table stats:
# Load=0/32=0%, Rehash=0, Collisions=0/0=0%

# Not a target:
libft/ft_itoa.c:
#  Implicit rule search has been done.
#  Last modified 2022-08-25 23:18:32
#  File has been updated.
#  Successfully updated.
# variable set hash-table stats:
# Load=0/32=0%, Rehash=0, Collisions=0/0=0%

fclean: clean
#  Implicit rule search has not been done.
#  Modification time never checked.
#  File has not been updated.
#  commands to execute (from `Makefile', line 39):
	rm -f $(NAME)
	

# Not a target:
builtins/cd.c:
#  Implicit rule search has been done.
#  Last modified 2022-08-25 23:18:32
#  File has been updated.
#  Successfully updated.
# variable set hash-table stats:
# Load=0/32=0%, Rehash=0, Collisions=0/0=0%

# Not a target:
libft/ft_strlen.c:
#  Implicit rule search has been done.
#  Last modified 2022-08-25 23:18:32
#  File has been updated.
#  Successfully updated.
# variable set hash-table stats:
# Load=0/32=0%, Rehash=0, Collisions=0/0=0%

# Not a target:
history.c:
#  Implicit rule search has been done.
#  Last modified 2022-08-25 23:18:32
#  File has been updated.
#  Successfully updated.
# variable set hash-table stats:
# Load=0/32=0%, Rehash=0, Collisions=0/0=0%

syntax/syntax_utils.o: syntax/syntax_utils.c minishell.h
#  Implicit rule search has been done.
#  Implicit/static pattern stem: `syntax/syntax_utils'
#  Last modified 2022-08-25 23:18:37
#  File has been updated.
#  Successfully updated.
# variable set hash-table stats:
# Load=0/32=0%, Rehash=0, Collisions=0/0=0%
#  commands to execute (from `Makefile', line 32):
	$(CC) $(FLAGS) -c $< -o $@ -I $(RL_INCLUDE) -I.
	

# Not a target:
libft/ft_strcmp.c:
#  Implicit rule search has been done.
#  Last modified 2022-08-25 23:18:32
#  File has been updated.
#  Successfully updated.
# variable set hash-table stats:
# Load=0/32=0%, Rehash=0, Collisions=0/0=0%

# Not a target:
ex/transfer.c:
#  Implicit rule search has been done.
#  Last modified 2022-08-25 23:18:32
#  File has been updated.
#  Successfully updated.
# variable set hash-table stats:
# Load=0/32=0%, Rehash=0, Collisions=0/0=0%

parser/token_quotes.o: parser/token_quotes.c minishell.h
#  Implicit rule search has been done.
#  Implicit/static pattern stem: `parser/token_quotes'
#  Last modified 2022-08-25 23:18:37
#  File has been updated.
#  Successfully updated.
# variable set hash-table stats:
# Load=0/32=0%, Rehash=0, Collisions=0/0=0%
#  commands to execute (from `Makefile', line 32):
	$(CC) $(FLAGS) -c $< -o $@ -I $(RL_INCLUDE) -I.
	

builtins/env.o: builtins/env.c minishell.h
#  Implicit rule search has been done.
#  Implicit/static pattern stem: `builtins/env'
#  Last modified 2022-08-25 23:18:38
#  File has been updated.
#  Successfully updated.
# variable set hash-table stats:
# Load=0/32=0%, Rehash=0, Collisions=0/0=0%
#  commands to execute (from `Makefile', line 32):
	$(CC) $(FLAGS) -c $< -o $@ -I $(RL_INCLUDE) -I.
	

ex/signal.o: ex/signal.c minishell.h
#  Implicit rule search has been done.
#  Implicit/static pattern stem: `ex/signal'
#  Last modified 2022-08-25 23:18:38
#  File has been updated.
#  Successfully updated.
# variable set hash-table stats:
# Load=0/32=0%, Rehash=0, Collisions=0/0=0%
#  commands to execute (from `Makefile', line 32):
	$(CC) $(FLAGS) -c $< -o $@ -I $(RL_INCLUDE) -I.
	

# Not a target:
builtins/echo.c:
#  Implicit rule search has been done.
#  Last modified 2022-08-25 23:18:32
#  File has been updated.
#  Successfully updated.
# variable set hash-table stats:
# Load=0/32=0%, Rehash=0, Collisions=0/0=0%

builtins/exit.o: builtins/exit.c minishell.h
#  Implicit rule search has been done.
#  Implicit/static pattern stem: `builtins/exit'
#  Last modified 2022-08-25 23:18:38
#  File has been updated.
#  Successfully updated.
# variable set hash-table stats:
# Load=0/32=0%, Rehash=0, Collisions=0/0=0%
#  commands to execute (from `Makefile', line 32):
	$(CC) $(FLAGS) -c $< -o $@ -I $(RL_INCLUDE) -I.
	

ex/transfer.o: ex/transfer.c minishell.h
#  Implicit rule search has been done.
#  Implicit/static pattern stem: `ex/transfer'
#  Last modified 2022-08-25 23:18:38
#  File has been updated.
#  Successfully updated.
# variable set hash-table stats:
# Load=0/32=0%, Rehash=0, Collisions=0/0=0%
#  commands to execute (from `Makefile', line 32):
	$(CC) $(FLAGS) -c $< -o $@ -I $(RL_INCLUDE) -I.
	

# Not a target:
.DEFAULT:
 
#  Implicit rule search has not been done.
#  Modification time never checked.
#  File has not been updated.

# Not a target:
libft/ft_strjoin.c:
#  Implicit rule search has been done.
#  Last modified 2022-08-25 23:18:32
#  File has been updated.
#  Successfully updated.
# variable set hash-table stats:
# Load=0/32=0%, Rehash=0, Collisions=0/0=0%

# Not a target:
libft/ft_split.c:
#  Implicit rule search has been done.
#  Last modified 2022-08-25 23:18:32
#  File has been updated.
#  Successfully updated.
# variable set hash-table stats:
# Load=0/32=0%, Rehash=0, Collisions=0/0=0%

# Not a target:
builtins/export.c:
#  Implicit rule search has been done.
#  Last modified 2022-08-25 23:18:32
#  File has been updated.
#  Successfully updated.
# variable set hash-table stats:
# Load=0/32=0%, Rehash=0, Collisions=0/0=0%

parser/parser_linkedlist.o: parser/parser_linkedlist.c minishell.h
#  Implicit rule search has been done.
#  Implicit/static pattern stem: `parser/parser_linkedlist'
#  Last modified 2022-08-25 23:18:37
#  File has been updated.
#  Successfully updated.
# variable set hash-table stats:
# Load=0/32=0%, Rehash=0, Collisions=0/0=0%
#  commands to execute (from `Makefile', line 32):
	$(CC) $(FLAGS) -c $< -o $@ -I $(RL_INCLUDE) -I.
	

ex/expander.o: ex/expander.c minishell.h
#  Implicit rule search has been done.
#  Implicit/static pattern stem: `ex/expander'
#  Last modified 2022-08-25 23:18:38
#  File has been updated.
#  Successfully updated.
# variable set hash-table stats:
# Load=0/32=0%, Rehash=0, Collisions=0/0=0%
#  commands to execute (from `Makefile', line 32):
	$(CC) $(FLAGS) -c $< -o $@ -I $(RL_INCLUDE) -I.
	

# Not a target:
ast/ast.c:
#  Implicit rule search has been done.
#  Last modified 2022-08-25 23:18:32
#  File has been updated.
#  Successfully updated.
# variable set hash-table stats:
# Load=0/32=0%, Rehash=0, Collisions=0/0=0%

re: fclean all
#  Implicit rule search has not been done.
#  Modification time never checked.
#  File has not been updated.

parser/token.o: parser/token.c minishell.h
#  Implicit rule search has been done.
#  Implicit/static pattern stem: `parser/token'
#  Last modified 2022-08-25 23:18:37
#  File has been updated.
#  Successfully updated.
# variable set hash-table stats:
# Load=0/32=0%, Rehash=0, Collisions=0/0=0%
#  commands to execute (from `Makefile', line 32):
	$(CC) $(FLAGS) -c $< -o $@ -I $(RL_INCLUDE) -I.
	

# Not a target:
env/env.c:
#  Implicit rule search has been done.
#  Last modified 2022-08-25 23:18:32
#  File has been updated.
#  Successfully updated.
# variable set hash-table stats:
# Load=0/32=0%, Rehash=0, Collisions=0/0=0%

clean:
#  Implicit rule search has not been done.
#  Modification time never checked.
#  File has not been updated.
#  commands to execute (from `Makefile', line 36):
	rm -rf $(OBJ)
	

# Not a target:
ast/ast_structures_geters.c:
#  Implicit rule search has been done.
#  Last modified 2022-08-25 23:18:32
#  File has been updated.
#  Successfully updated.
# variable set hash-table stats:
# Load=0/32=0%, Rehash=0, Collisions=0/0=0%

builtins/unset.o: builtins/unset.c minishell.h
#  Implicit rule search has been done.
#  Implicit/static pattern stem: `builtins/unset'
#  Last modified 2022-08-25 23:18:38
#  File has been updated.
#  Successfully updated.
# variable set hash-table stats:
# Load=0/32=0%, Rehash=0, Collisions=0/0=0%
#  commands to execute (from `Makefile', line 32):
	$(CC) $(FLAGS) -c $< -o $@ -I $(RL_INCLUDE) -I.
	

libft/ft_strncmp.o: libft/ft_strncmp.c minishell.h
#  Implicit rule search has been done.
#  Implicit/static pattern stem: `libft/ft_strncmp'
#  Last modified 2022-08-25 23:18:37
#  File has been updated.
#  Successfully updated.
# variable set hash-table stats:
# Load=0/32=0%, Rehash=0, Collisions=0/0=0%
#  commands to execute (from `Makefile', line 32):
	$(CC) $(FLAGS) -c $< -o $@ -I $(RL_INCLUDE) -I.
	

ast/ast_conecters.o: ast/ast_conecters.c minishell.h
#  Implicit rule search has been done.
#  Implicit/static pattern stem: `ast/ast_conecters'
#  Last modified 2022-08-25 23:18:36
#  File has been updated.
#  Successfully updated.
# variable set hash-table stats:
# Load=0/32=0%, Rehash=0, Collisions=0/0=0%
#  commands to execute (from `Makefile', line 32):
	$(CC) $(FLAGS) -c $< -o $@ -I $(RL_INCLUDE) -I.
	

# Not a target:
ast/redir.c:
#  Implicit rule search has been done.
#  Last modified 2022-08-25 23:18:32
#  File has been updated.
#  Successfully updated.
# variable set hash-table stats:
# Load=0/32=0%, Rehash=0, Collisions=0/0=0%

# Not a target:
parser/token_string.c:
#  Implicit rule search has been done.
#  Last modified 2022-08-25 23:18:32
#  File has been updated.
#  Successfully updated.
# variable set hash-table stats:
# Load=0/32=0%, Rehash=0, Collisions=0/0=0%

libft/ft_strcmp.o: libft/ft_strcmp.c minishell.h
#  Implicit rule search has been done.
#  Implicit/static pattern stem: `libft/ft_strcmp'
#  Last modified 2022-08-25 23:18:37
#  File has been updated.
#  Successfully updated.
# variable set hash-table stats:
# Load=0/32=0%, Rehash=0, Collisions=0/0=0%
#  commands to execute (from `Makefile', line 32):
	$(CC) $(FLAGS) -c $< -o $@ -I $(RL_INCLUDE) -I.
	

# Not a target:
minishell.c:
#  Implicit rule search has been done.
#  Last modified 2022-08-25 23:18:32
#  File has been updated.
#  Successfully updated.
# variable set hash-table stats:
# Load=0/32=0%, Rehash=0, Collisions=0/0=0%

libft/ft_strdup.o: libft/ft_strdup.c minishell.h
#  Implicit rule search has been done.
#  Implicit/static pattern stem: `libft/ft_strdup'
#  Last modified 2022-08-25 23:18:37
#  File has been updated.
#  Successfully updated.
# variable set hash-table stats:
# Load=0/32=0%, Rehash=0, Collisions=0/0=0%
#  commands to execute (from `Makefile', line 32):
	$(CC) $(FLAGS) -c $< -o $@ -I $(RL_INCLUDE) -I.
	

collector_linkedlist.o: collector_linkedlist.c minishell.h
#  Implicit rule search has been done.
#  Implicit/static pattern stem: `collector_linkedlist'
#  Last modified 2022-08-25 23:18:36
#  File has been updated.
#  Successfully updated.
# variable set hash-table stats:
# Load=0/32=0%, Rehash=0, Collisions=0/0=0%
#  commands to execute (from `Makefile', line 32):
	$(CC) $(FLAGS) -c $< -o $@ -I $(RL_INCLUDE) -I.
	

ast/ast_linkedlist.o: ast/ast_linkedlist.c minishell.h
#  Implicit rule search has been done.
#  Implicit/static pattern stem: `ast/ast_linkedlist'
#  Last modified 2022-08-25 23:18:37
#  File has been updated.
#  Successfully updated.
# variable set hash-table stats:
# Load=0/32=0%, Rehash=0, Collisions=0/0=0%
#  commands to execute (from `Makefile', line 32):
	$(CC) $(FLAGS) -c $< -o $@ -I $(RL_INCLUDE) -I.
	

# Not a target:
syntax/syntax_utils.c:
#  Implicit rule search has been done.
#  Last modified 2022-08-25 23:18:32
#  File has been updated.
#  Successfully updated.
# variable set hash-table stats:
# Load=0/32=0%, Rehash=0, Collisions=0/0=0%

syntax/syntax.o: syntax/syntax.c minishell.h
#  Implicit rule search has been done.
#  Implicit/static pattern stem: `syntax/syntax'
#  Last modified 2022-08-25 23:18:37
#  File has been updated.
#  Successfully updated.
# variable set hash-table stats:
# Load=0/32=0%, Rehash=0, Collisions=0/0=0%
#  commands to execute (from `Makefile', line 32):
	$(CC) $(FLAGS) -c $< -o $@ -I $(RL_INCLUDE) -I.
	

# Not a target:
parser/token_quotes.c:
#  Implicit rule search has been done.
#  Last modified 2022-08-25 23:18:32
#  File has been updated.
#  Successfully updated.
# variable set hash-table stats:
# Load=0/32=0%, Rehash=0, Collisions=0/0=0%

libft/ft_putstr_fd.o: libft/ft_putstr_fd.c minishell.h
#  Implicit rule search has been done.
#  Implicit/static pattern stem: `libft/ft_putstr_fd'
#  Last modified 2022-08-25 23:18:37
#  File has been updated.
#  Successfully updated.
# variable set hash-table stats:
# Load=0/32=0%, Rehash=0, Collisions=0/0=0%
#  commands to execute (from `Makefile', line 32):
	$(CC) $(FLAGS) -c $< -o $@ -I $(RL_INCLUDE) -I.
	

parser/delete_quotes.o: parser/delete_quotes.c minishell.h
#  Implicit rule search has been done.
#  Implicit/static pattern stem: `parser/delete_quotes'
#  Last modified 2022-08-25 23:18:37
 
#  File has been updated.
#  Successfully updated.
# variable set hash-table stats:
# Load=0/32=0%, Rehash=0, Collisions=0/0=0%
#  commands to execute (from `Makefile', line 32):
	$(CC) $(FLAGS) -c $< -o $@ -I $(RL_INCLUDE) -I.
	

env/env_geters.o: env/env_geters.c minishell.h
#  Implicit rule search has been done.
#  Implicit/static pattern stem: `env/env_geters'
#  Last modified 2022-08-25 23:18:37
#  File has been updated.
#  Successfully updated.
# variable set hash-table stats:
# Load=0/32=0%, Rehash=0, Collisions=0/0=0%
#  commands to execute (from `Makefile', line 32):
	$(CC) $(FLAGS) -c $< -o $@ -I $(RL_INCLUDE) -I.
	

# Not a target:
ex/signal.c:
#  Implicit rule search has been done.
#  Last modified 2022-08-25 23:18:32
#  File has been updated.
#  Successfully updated.
# variable set hash-table stats:
# Load=0/32=0%, Rehash=0, Collisions=0/0=0%

# Not a target:
minishell.h:
#  Implicit rule search has been done.
#  Last modified 2022-08-25 23:18:32
#  File has been updated.
#  Successfully updated.
# variable set hash-table stats:
# Load=0/32=0%, Rehash=0, Collisions=0/0=0%

# Not a target:
builtins/exit.c:
#  Implicit rule search has been done.
#  Last modified 2022-08-25 23:18:32
#  File has been updated.
#  Successfully updated.
# variable set hash-table stats:
# Load=0/32=0%, Rehash=0, Collisions=0/0=0%

ex/excommand.o: ex/excommand.c minishell.h
#  Implicit rule search has been done.
#  Implicit/static pattern stem: `ex/excommand'
#  Last modified 2022-08-25 23:18:38
#  File has been updated.
#  Successfully updated.
# variable set hash-table stats:
# Load=0/32=0%, Rehash=0, Collisions=0/0=0%
#  commands to execute (from `Makefile', line 32):
	$(CC) $(FLAGS) -c $< -o $@ -I $(RL_INCLUDE) -I.
	

libft/ft_atoi.o: libft/ft_atoi.c minishell.h
#  Implicit rule search has been done.
#  Implicit/static pattern stem: `libft/ft_atoi'
#  Last modified 2022-08-25 23:18:37
#  File has been updated.
#  Successfully updated.
# variable set hash-table stats:
# Load=0/32=0%, Rehash=0, Collisions=0/0=0%
#  commands to execute (from `Makefile', line 32):
	$(CC) $(FLAGS) -c $< -o $@ -I $(RL_INCLUDE) -I.
	

ast/ast_command.o: ast/ast_command.c minishell.h
#  Implicit rule search has been done.
#  Implicit/static pattern stem: `ast/ast_command'
#  Last modified 2022-08-25 23:18:36
#  File has been updated.
#  Successfully updated.
# variable set hash-table stats:
# Load=0/32=0%, Rehash=0, Collisions=0/0=0%
#  commands to execute (from `Makefile', line 32):
	$(CC) $(FLAGS) -c $< -o $@ -I $(RL_INCLUDE) -I.
	

# Not a target:
parser/parser_linkedlist.c:
#  Implicit rule search has been done.
#  Last modified 2022-08-25 23:18:32
#  File has been updated.
#  Successfully updated.
# variable set hash-table stats:
# Load=0/32=0%, Rehash=0, Collisions=0/0=0%

# Not a target:
ex/expander.c:
#  Implicit rule search has been done.
#  Last modified 2022-08-25 23:18:32
#  File has been updated.
#  Successfully updated.
# variable set hash-table stats:
# Load=0/32=0%, Rehash=0, Collisions=0/0=0%

# files hash-table stats:
# Load=93/1024=9%, Rehash=0, Collisions=20/362=6%
# VPATH Search Paths

# No `vpath' search paths.

# No general (`VPATH' variable) search path.

# # of strings in strcache: 1
# # of strcache buffers: 1
# strcache size: total = 4096 / max = 4096 / min = 4096 / avg = 4096
# strcache free: total = 4087 / max = 4087 / min = 4087 / avg = 4087

# Finished Make data base on Thu Aug 25 23:20:07 2022

 
